/control/execute sd_24th_subjob_6th_parallel.in
/gamos/random/setSeeds 1030 1054
Gamos Random: initializing seeds from table at position 1030 and throwing 1054+1 numbers
 GamosRandom: sees before nTries 1060900 1118188600
Gamos Random: First random number is 0.280639

/control/verbose 0
GmEMPhysics PhysicsList:DEFAULT = gamma-standard is registered
GmEMPhysics PhysicsList: DEFAULT = electron-standard is registered
GmEMPhysics PhysicsList: DEFAULT = positron-standard is registered
200 ANGLEN_ROT -0.817645 0: 0.620249 N: -0.197396   200 -251.029
 G4tgrPhantomPlaceParameterisation 0x5563aed48f40 PHANTOM
GmPhysicsGammaLowEner::ConstructProcess 
 GmVPrimitiveScorer::SetParameters: no parameters 
DP_24th_subjob_6th_parallel

### ===  Deexcitation model UAtomDeexcitation is activated for 1 region:
          DefaultRegionForTheWorld  1  1  0
### ===  Auger cascade flag: 0
### ===  Ignore cuts flag:   0

phot:  for gamma SubType=12 BuildTable=0
      LambdaPrime table from 200 keV to 100 TeV in 61 bins 
      ===== EM models for the G4Region  DefaultRegionForTheWorld ======
 LivermorePhElectric : Emin=    0 eV  Emax=    1 GeV  SauterGavrila Fluo
       PhotoElectric : Emin=    1 GeV Emax=  100 TeV  SauterGavrila Fluo

compt:  for gamma SubType=13 BuildTable=1
      Lambda table from 100 eV  to 1 MeV, 7 bins/decade, spline: 1
      LambdaPrime table from 1 MeV to 100 TeV in 56 bins 
      ===== EM models for the G4Region  DefaultRegionForTheWorld ======
    LivermoreCompton : Emin=    0 eV  Emax=    1 GeV Fluo
       Klein-Nishina : Emin=    1 GeV Emax=  100 TeV

conv:  for gamma SubType=14 BuildTable=1
      Lambda table from 1.022 MeV to 100 TeV, 18 bins/decade, spline: 1
      ===== EM models for the G4Region  DefaultRegionForTheWorld ======
 LivermoreConversion : Emin=    0 eV  Emax=    1 GeV
        BetheHeitler : Emin=    1 GeV Emax=   80 GeV  ModifiedTsai
     BetheHeitlerLPM : Emin=   80 GeV Emax=  100 TeV  ModifiedTsai

Rayl:  for gamma SubType=11 BuildTable=1
      Lambda table from 100 eV  to 100 keV, 7 bins/decade, spline: 0
      LambdaPrime table from 100 keV to 100 TeV in 63 bins 
      ===== EM models for the G4Region  DefaultRegionForTheWorld ======
   LivermoreRayleigh : Emin=    0 eV  Emax=  100 TeV  CullenGenerator

msc:  for e-  SubType= 10
      ===== EM models for the G4Region  DefaultRegionForTheWorld ======
            UrbanMsc : Emin=    0 eV  Emax=  100 TeV Nbins=84 100 eV  - 100 TeV

eIoni:  for e-  SubType=2
      dE/dx and range tables from 100 eV  to 100 TeV in 84 bins
      Lambda tables from threshold to 100 TeV, 7 bins/decade, spline: 1
      StepFunction=(0.2, 0.1 mm), integ: 1, fluct: 1, linLossLim= 0.01
      ===== EM models for the G4Region  DefaultRegionForTheWorld ======
       LowEnergyIoni : Emin=    0 eV  Emax=    1 GeV  deltaVI
        MollerBhabha : Emin=    1 GeV Emax=  100 TeV

eBrem:  for e-  SubType=3
      dE/dx and range tables from 100 eV  to 100 TeV in 84 bins
      Lambda tables from threshold to 100 TeV, 7 bins/decade, spline: 1
      LPM flag: 1 for E > 1 GeV,  VertexHighEnergyTh(GeV)= 100000
      ===== EM models for the G4Region  DefaultRegionForTheWorld ======
           LowEnBrem : Emin=    0 eV  Emax=    1 GeV  AngularGen2BS
            eBremLPM : Emin=    1 GeV Emax=  100 TeV  ModifiedTsai

msc:  for e+  SubType= 10
      ===== EM models for the G4Region  DefaultRegionForTheWorld ======
            UrbanMsc : Emin=    0 eV  Emax=  100 TeV Nbins=84 100 eV  - 100 TeV

eIoni:  for e+  SubType=2
      dE/dx and range tables from 100 eV  to 100 TeV in 84 bins
      Lambda tables from threshold to 100 TeV, 7 bins/decade, spline: 1
      StepFunction=(0.2, 1 mm), integ: 1, fluct: 1, linLossLim= 0.01
      ===== EM models for the G4Region  DefaultRegionForTheWorld ======
        MollerBhabha : Emin=    0 eV  Emax=  100 TeV

eBrem:  for e+  SubType=3
      dE/dx and range tables from 100 eV  to 100 TeV in 84 bins
      Lambda tables from threshold to 100 TeV, 7 bins/decade, spline: 1
      LPM flag: 1 for E > 1 GeV,  VertexHighEnergyTh(GeV)= 100000
      ===== EM models for the G4Region  DefaultRegionForTheWorld ======
             eBremSB : Emin=    0 eV  Emax=    1 GeV  ModifiedTsai
            eBremLPM : Emin=    1 GeV Emax=  100 TeV  ModifiedTsai

annihil:  for e+, integral:1  SubType=5 BuildTable=0
      ===== EM models for the G4Region  DefaultRegionForTheWorld ======
            eplus2gg : Emin=    0 eV  Emax=  100 TeV

========= Table of registered couples ==============================

Index : 0     used in the geometry : Yes
 Material : G4_AIR
 Range cuts        :  gamma  100 um     e-  100 um     e+  100 um  proton 100 um 
 Energy thresholds :  gamma  990 eV     e-  990 eV     e+  990 eV  proton -1 MeV
 Region(s) which use this couple : 
    DefaultRegionForTheWorld

Index : 1     used in the geometry : Yes
 Material : G4_Galactic
 Range cuts        :  gamma  100 um     e-  100 um     e+  100 um  proton 100 um 
 Energy thresholds :  gamma  990 eV     e-  990 eV     e+  990 eV  proton -1 MeV
 Region(s) which use this couple : 
    DefaultRegionForTheWorld

Index : 2     used in the geometry : Yes
 Material : WPRIMCOLL700
 Range cuts        :  gamma  100 um     e-  100 um     e+  100 um  proton 100 um 
 Energy thresholds :  gamma  34.1725 keV    e-  337.972 keV    e+  324.616 keV proton -1 MeV
 Region(s) which use this couple : 
    DefaultRegionForTheWorld

Index : 3     used in the geometry : Yes
 Material : G4_Be
 Range cuts        :  gamma  100 um     e-  100 um     e+  100 um  proton 100 um 
 Energy thresholds :  gamma  1.05172 keV    e-  109.289 keV    e+  107.83 keV proton -1 MeV
 Region(s) which use this couple : 
    DefaultRegionForTheWorld

Index : 4     used in the geometry : Yes
 Material : G4_KAPTON
 Range cuts        :  gamma  100 um     e-  100 um     e+  100 um  proton 100 um 
 Energy thresholds :  gamma  1.21113 keV    e-  98.8093 keV    e+  97.4901 keV proton -1 MeV
 Region(s) which use this couple : 
    DefaultRegionForTheWorld

Index : 5     used in the geometry : Yes
 Material : G4_MYLAR
 Range cuts        :  gamma  100 um     e-  100 um     e+  100 um  proton 100 um 
 Energy thresholds :  gamma  1.21113 keV    e-  99.4755 keV    e+  98.1475 keV proton -1 MeV
 Region(s) which use this couple : 
    DefaultRegionForTheWorld

Index : 6     used in the geometry : Yes
 Material : G4_Pb
 Range cuts        :  gamma  100 um     e-  100 um     e+  100 um  proton 100 um 
 Energy thresholds :  gamma  29.4761 keV    e-  241.522 keV    e+  231.977 keV proton -1 MeV
 Region(s) which use this couple : 
    DefaultRegionForTheWorld

Index : 7     used in the geometry : Yes
 Material : WJAWS700
 Range cuts        :  gamma  100 um     e-  100 um     e+  100 um  proton 100 um 
 Energy thresholds :  gamma  31.3139 keV    e-  331.226 keV    e+  316.006 keV proton -1 MeV
 Region(s) which use this couple : 
    DefaultRegionForTheWorld

====================================================================

 %%% EVENT 0 NTRACKS 29 TOTAL NTRACKS 29
 %%% EVENT 100000 NTRACKS 31 TOTAL NTRACKS 3.08528e+06
 %%% EVENT 200000 NTRACKS 28 TOTAL NTRACKS 6.17046e+06
 %%% EVENT 300000 NTRACKS 33 TOTAL NTRACKS 9.26017e+06
 %%% EVENT 400000 NTRACKS 70 TOTAL NTRACKS 1.23533e+07
 %%% EVENT 500000 NTRACKS 21 TOTAL NTRACKS 1.54413e+07
 %%% EVENT 600000 NTRACKS 26 TOTAL NTRACKS 1.85319e+07
 %%% EVENT 700000 NTRACKS 43 TOTAL NTRACKS 2.16204e+07
 %%% EVENT 800000 NTRACKS 28 TOTAL NTRACKS 2.47177e+07
 %%% EVENT 900000 NTRACKS 30 TOTAL NTRACKS 2.78076e+07
 %%% EVENT 1000000 NTRACKS 27 TOTAL NTRACKS 3.09001e+07
 %%% EVENT 1100000 NTRACKS 20 TOTAL NTRACKS 3.39912e+07
 %%% EVENT 1200000 NTRACKS 25 TOTAL NTRACKS 3.7083e+07
 %%% EVENT 1300000 NTRACKS 21 TOTAL NTRACKS 4.01789e+07
 %%% EVENT 1400000 NTRACKS 18 TOTAL NTRACKS 4.32701e+07
 %%% EVENT 1500000 NTRACKS 39 TOTAL NTRACKS 4.63641e+07
 %%% EVENT 1600000 NTRACKS 18 TOTAL NTRACKS 4.94568e+07
 %%% EVENT 1700000 NTRACKS 27 TOTAL NTRACKS 5.25449e+07
 %%% EVENT 1800000 NTRACKS 20 TOTAL NTRACKS 5.5636e+07
 %%% EVENT 1900000 NTRACKS 51 TOTAL NTRACKS 5.87219e+07
 %%% EVENT 2000000 NTRACKS 18 TOTAL NTRACKS 6.18131e+07
 %%% EVENT 2100000 NTRACKS 29 TOTAL NTRACKS 6.49071e+07
 %%% EVENT 2200000 NTRACKS 18 TOTAL NTRACKS 6.80001e+07
 %%% EVENT 2300000 NTRACKS 22 TOTAL NTRACKS 7.10946e+07
 %%% EVENT 2400000 NTRACKS 34 TOTAL NTRACKS 7.41868e+07
 %%% EVENT 2500000 NTRACKS 34 TOTAL NTRACKS 7.72776e+07
 %%% EVENT 2600000 NTRACKS 27 TOTAL NTRACKS 8.03753e+07
 %%% EVENT 2700000 NTRACKS 27 TOTAL NTRACKS 8.34702e+07
 %%% EVENT 2800000 NTRACKS 27 TOTAL NTRACKS 8.65652e+07
 %%% EVENT 2900000 NTRACKS 19 TOTAL NTRACKS 8.96634e+07
 %%% EVENT 3000000 NTRACKS 30 TOTAL NTRACKS 9.27486e+07
 %%% EVENT 3100000 NTRACKS 35 TOTAL NTRACKS 9.5844e+07
 %%% EVENT 3200000 NTRACKS 13 TOTAL NTRACKS 9.89317e+07
 %%% EVENT 3300000 NTRACKS 12 TOTAL NTRACKS 1.02022e+08
 %%% EVENT 3400000 NTRACKS 22 TOTAL NTRACKS 1.05113e+08
 %%% EVENT 3500000 NTRACKS 17 TOTAL NTRACKS 1.08204e+08
 %%% EVENT 3600000 NTRACKS 31 TOTAL NTRACKS 1.11297e+08
 %%% EVENT 3700000 NTRACKS 29 TOTAL NTRACKS 1.14389e+08
 %%% EVENT 3800000 NTRACKS 35 TOTAL NTRACKS 1.17478e+08
 %%% EVENT 3900000 NTRACKS 35 TOTAL NTRACKS 1.20578e+08
 %%% EVENT 4000000 NTRACKS 24 TOTAL NTRACKS 1.23667e+08
 %%% EVENT 4100000 NTRACKS 13 TOTAL NTRACKS 1.26761e+08
 %%% EVENT 4200000 NTRACKS 23 TOTAL NTRACKS 1.29857e+08
 %%% EVENT 4300000 NTRACKS 24 TOTAL NTRACKS 1.32949e+08
 %%% EVENT 4400000 NTRACKS 33 TOTAL NTRACKS 1.36037e+08
 %%% EVENT 4500000 NTRACKS 45 TOTAL NTRACKS 1.39123e+08
 %%% EVENT 4600000 NTRACKS 94 TOTAL NTRACKS 1.42208e+08
 %%% EVENT 4700000 NTRACKS 48 TOTAL NTRACKS 1.45299e+08
 %%% EVENT 4800000 NTRACKS 29 TOTAL NTRACKS 1.48391e+08
 %%% EVENT 4900000 NTRACKS 35 TOTAL NTRACKS 1.51482e+08
 %%% EVENT 5000000 NTRACKS 29 TOTAL NTRACKS 1.54572e+08
 %%% EVENT 5100000 NTRACKS 23 TOTAL NTRACKS 1.57662e+08
 %%% EVENT 5200000 NTRACKS 27 TOTAL NTRACKS 1.60759e+08
 %%% EVENT 5300000 NTRACKS 21 TOTAL NTRACKS 1.63845e+08
 %%% EVENT 5400000 NTRACKS 18 TOTAL NTRACKS 1.66931e+08
 %%% EVENT 5500000 NTRACKS 20 TOTAL NTRACKS 1.7002e+08
 %%% EVENT 5600000 NTRACKS 28 TOTAL NTRACKS 1.73118e+08
 %%% EVENT 5700000 NTRACKS 16 TOTAL NTRACKS 1.76206e+08
 %%% EVENT 5800000 NTRACKS 23 TOTAL NTRACKS 1.79298e+08
 %%% EVENT 5900000 NTRACKS 29 TOTAL NTRACKS 1.82385e+08
 %%% EVENT 6000000 NTRACKS 26 TOTAL NTRACKS 1.85478e+08
 %%% EVENT 6100000 NTRACKS 27 TOTAL NTRACKS 1.88572e+08
 %%% EVENT 6200000 NTRACKS 36 TOTAL NTRACKS 1.9166e+08
 %%% EVENT 6300000 NTRACKS 24 TOTAL NTRACKS 1.94753e+08
 %%% EVENT 6400000 NTRACKS 19 TOTAL NTRACKS 1.97841e+08
 %%% EVENT 6500000 NTRACKS 29 TOTAL NTRACKS 2.00938e+08
 %%% EVENT 6600000 NTRACKS 31 TOTAL NTRACKS 2.04028e+08
 %%% EVENT 6700000 NTRACKS 29 TOTAL NTRACKS 2.07121e+08
 %%% EVENT 6800000 NTRACKS 27 TOTAL NTRACKS 2.10215e+08
 %%% EVENT 6900000 NTRACKS 34 TOTAL NTRACKS 2.13311e+08
 %%% EVENT 7000000 NTRACKS 39 TOTAL NTRACKS 2.16401e+08
 %%% EVENT 7100000 NTRACKS 32 TOTAL NTRACKS 2.19492e+08
 %%% EVENT 7200000 NTRACKS 31 TOTAL NTRACKS 2.22586e+08
 %%% EVENT 7300000 NTRACKS 25 TOTAL NTRACKS 2.25672e+08
 %%% EVENT 7400000 NTRACKS 19 TOTAL NTRACKS 2.28765e+08
 %%% EVENT 7500000 NTRACKS 37 TOTAL NTRACKS 2.3186e+08
 %%% EVENT 7600000 NTRACKS 14 TOTAL NTRACKS 2.34961e+08
 %%% EVENT 7700000 NTRACKS 29 TOTAL NTRACKS 2.38056e+08
 %%% EVENT 7800000 NTRACKS 29 TOTAL NTRACKS 2.41144e+08
 %%% EVENT 7900000 NTRACKS 73 TOTAL NTRACKS 2.44237e+08
 %%% EVENT 8000000 NTRACKS 29 TOTAL NTRACKS 2.47333e+08
 %%% EVENT 8100000 NTRACKS 29 TOTAL NTRACKS 2.50431e+08
 %%% EVENT 8200000 NTRACKS 31 TOTAL NTRACKS 2.53526e+08
 %%% EVENT 8300000 NTRACKS 24 TOTAL NTRACKS 2.5662e+08
 %%% EVENT 8400000 NTRACKS 26 TOTAL NTRACKS 2.59713e+08
 %%% EVENT 8500000 NTRACKS 26 TOTAL NTRACKS 2.62811e+08
 %%% EVENT 8600000 NTRACKS 30 TOTAL NTRACKS 2.65899e+08
 %%% EVENT 8700000 NTRACKS 18 TOTAL NTRACKS 2.68992e+08
 %%% EVENT 8800000 NTRACKS 27 TOTAL NTRACKS 2.72083e+08
 %%% EVENT 8900000 NTRACKS 33 TOTAL NTRACKS 2.75169e+08
 %%% EVENT 9000000 NTRACKS 23 TOTAL NTRACKS 2.78263e+08
 %%% EVENT 9100000 NTRACKS 17 TOTAL NTRACKS 2.81361e+08
 %%% EVENT 9200000 NTRACKS 22 TOTAL NTRACKS 2.84453e+08
 %%% EVENT 9300000 NTRACKS 25 TOTAL NTRACKS 2.87544e+08
 %%% EVENT 9400000 NTRACKS 31 TOTAL NTRACKS 2.90634e+08
 %%% EVENT 9500000 NTRACKS 31 TOTAL NTRACKS 2.93725e+08
 %%% EVENT 9600000 NTRACKS 33 TOTAL NTRACKS 2.96819e+08
 %%% EVENT 9700000 NTRACKS 31 TOTAL NTRACKS 2.9991e+08
 %%% EVENT 9800000 NTRACKS 35 TOTAL NTRACKS 3.03002e+08
 %%% EVENT 9900000 NTRACKS 61 TOTAL NTRACKS 3.06106e+08
SetUnit DP_24th_subjob_6th_parallel 1e-12 Name Gy
Graphics systems deleted.
Visualization Manager deleting...
.
